<?xml version="1.0" encoding="UTF-8"?>
<!-- Generated by org.testng.reporters.JUnitXMLReporter -->
<testsuite hostname="Nidhi" ignored="0" name="Test" tests="1" failures="1" timestamp="15 Jan 2019 16:24:10 GMT" time="20.859" errors="0">
  <testcase name="loginToGmail" time="12.963" classname="com.testcases.TC_01_LoginTestCase">
    <failure type="java.lang.AssertionError" message="expected [true] but found [false]">
      <![CDATA[java.lang.AssertionError: expected [true] but found [false]
at com.testcases.TC_01_LoginTestCase.loginToGmail(TC_01_LoginTestCase.java:52)
... Removed 35 stack frames]]>
    </failure>
  </testcase> <!-- loginToGmail -->
</testsuite> <!-- Test -->
