<?xml version="1.0" encoding="UTF-8"?>
<!-- Generated by org.testng.reporters.JUnitXMLReporter -->
<testsuite hostname="Nidhi" ignored="0" name="Test" tests="1" failures="1" timestamp="14 Jan 2019 08:55:45 GMT" time="22.263" errors="0">
  <testcase name="loginToGmail" time="12.274" classname="com.testcases.LoginTestCase">
    <failure type="java.lang.AssertionError" message="expected [true] but found [false]">
      <![CDATA[java.lang.AssertionError: expected [true] but found [false]
at com.testcases.LoginTestCase.loginToGmail(LoginTestCase.java:55)
... Removed 35 stack frames]]>
    </failure>
  </testcase> <!-- loginToGmail -->
</testsuite> <!-- Test -->
