-------------------------------------------------------------------------------
Test set: TestSuite
-------------------------------------------------------------------------------
Tests run: 2, Failures: 1, Errors: 0, Skipped: 0, Time elapsed: 54.321 s <<< FAILURE! - in TestSuite
loginToGmail(com.testcases.TC_01_LoginTestCase)  Time elapsed: 12.981 s  <<< FAILURE!
java.lang.AssertionError: expected [true] but found [false]
	at com.testcases.TC_01_LoginTestCase.loginToGmail(TC_01_LoginTestCase.java:52)

