-------------------------------------------------------------------------------
Test set: TestSuite
-------------------------------------------------------------------------------
Tests run: 1, Failures: 1, Errors: 0, Skipped: 0, Time elapsed: 24.692 s <<< FAILURE! - in TestSuite
loginToGmail(com.testcases.LoginTestCase)  Time elapsed: 12.275 s  <<< FAILURE!
java.lang.AssertionError: expected [true] but found [false]
	at com.testcases.LoginTestCase.loginToGmail(LoginTestCase.java:55)

