<?xml version="1.0" encoding="UTF-8"?>
<testng-results skipped="0" failed="0" ignored="0" total="1" passed="1">
  <reporter-output>
  </reporter-output>
  <suite name="Default suite" duration-ms="28770" started-at="2019-01-15T16:40:51Z" finished-at="2019-01-15T16:41:20Z">
    <groups>
    </groups>
    <test name="Default test" duration-ms="28770" started-at="2019-01-15T16:40:51Z" finished-at="2019-01-15T16:41:20Z">
      <class name="com.testcases.TestCaseExcel">
        <test-method status="PASS" signature="openBrowser()[pri:0, instance:com.testcases.TestCaseExcel@59474f18]" name="openBrowser" is-config="true" duration-ms="6696" started-at="2019-01-15T16:40:51Z" finished-at="2019-01-15T16:40:58Z">
          <reporter-output>
          </reporter-output>
        </test-method> <!-- openBrowser -->
        <test-method status="PASS" signature="loginToGmail()[pri:0, instance:com.testcases.TestCaseExcel@59474f18]" name="loginToGmail" duration-ms="19844" started-at="2019-01-15T16:40:58Z" finished-at="2019-01-15T16:41:17Z">
          <reporter-output>
          </reporter-output>
        </test-method> <!-- loginToGmail -->
        <test-method status="PASS" signature="closeBrowser()[pri:0, instance:com.testcases.TestCaseExcel@59474f18]" name="closeBrowser" is-config="true" duration-ms="2150" started-at="2019-01-15T16:41:17Z" finished-at="2019-01-15T16:41:20Z">
          <reporter-output>
          </reporter-output>
        </test-method> <!-- closeBrowser -->
      </class> <!-- com.testcases.TestCaseExcel -->
    </test> <!-- Default test -->
  </suite> <!-- Default suite -->
</testng-results>
